<?xml version="1.0" encoding="UTF-8"?>
<testsuite name="PasswordHasherTest" tests="1" skipped="0" failures="0" errors="0" timestamp="2022-05-31T12:20:23" hostname="CoffeeMachine" time="0.018">
  <properties/>
  <testcase name="hash()" classname="PasswordHasherTest" time="0.018"/>
  <system-out><![CDATA[[B@5f828478
]]></system-out>
  <system-err><![CDATA[]]></system-err>
</testsuite>
